     1 00000000                                 [FORMAT "WCOFF"]
     2 00000000                                 [INSTRSET "i486p"]
     3 00000000                                 [OPTIMIZE 1]
     4 00000000                                 [OPTION 1]
     5 00000000                                 [BITS 32]
     6 00000000                                 	EXTERN	_init_gdtidt
     7 00000000                                 	EXTERN	_init_pic
     8 00000000                                 	EXTERN	_io_sti
     9 00000000                                 	EXTERN	_keyfifo
    10 00000000                                 	EXTERN	_fifo8_init
    11 00000000                                 	EXTERN	_mousefifo
    12 00000000                                 	EXTERN	_init_pit
    13 00000000                                 	EXTERN	_io_out8
    14 00000000                                 	EXTERN	_settimer
    15 00000000                                 	EXTERN	_init_keyboard
    16 00000000                                 	EXTERN	_enable_mouse
    17 00000000                                 	EXTERN	_memtest
    18 00000000                                 	EXTERN	_memman_init
    19 00000000                                 	EXTERN	_memman_free
    20 00000000                                 	EXTERN	_init_palette
    21 00000000                                 	EXTERN	_shtctl_init
    22 00000000                                 	EXTERN	_sheet_alloc
    23 00000000                                 	EXTERN	_memman_alloc_4k
    24 00000000                                 	EXTERN	_sheet_setbuf
    25 00000000                                 	EXTERN	_init_screen8
    26 00000000                                 	EXTERN	_init_mouse_cursor8
    27 00000000                                 	EXTERN	_sheet_slide
    28 00000000                                 	EXTERN	_sheet_updown
    29 00000000                                 	EXTERN	_sprintf
    30 00000000                                 	EXTERN	_putfonts8_asc
    31 00000000                                 	EXTERN	_memman_total
    32 00000000                                 	EXTERN	_sheet_refresh
    33 00000000                                 	EXTERN	_timerctl
    34 00000000                                 	EXTERN	_boxfill8
    35 00000000                                 	EXTERN	_io_cli
    36 00000000                                 	EXTERN	_fifo8_status
    37 00000000                                 	EXTERN	_fifo8_get
    38 00000000                                 	EXTERN	_mouse_decode
    39 00000000                                 [FILE "bootpack.c"]
    40                                          [SECTION .data]
    41 00000000                                 LC0:
    42 00000000 63 6F 75 6E 74 65 72 2D 54 41   	DB	"counter-TAKR",0x00
       0000000A 4B 52 00 
    43 0000000D                                 LC1:
    44 0000000D 28 25 33 64 2C 20 25 33 64 29   	DB	"(%3d, %3d)",0x00
       00000017 00 
    45 00000018                                 LC2:
    46 00000018 6D 65 6D 6F 72 79 20 25 64 4D   	DB	"memory %dMB   free : %dKB",0x00
       00000022 42 20 20 20 66 72 65 65 20 3A 
       0000002C 20 25 64 4B 42 00 
    47 00000032                                 LC3:
    48 00000032 25 30 31 30 64 00               	DB	"%010d",0x00
    49 00000038                                 LC6:
    50 00000038 31 5B 73 65 63 5D 00            	DB	"1[sec]",0x00
    51 0000003F                                 LC5:
    52 0000003F 5B 6C 63 72 20 25 34 64 20 25   	DB	"[lcr %4d %4d]",0x00
       00000049 34 64 5D 00 
    53 0000004D                                 LC4:
    54 0000004D 25 30 32 58 00                  	DB	"%02X",0x00
    55                                          [SECTION .text]
    56 00000000                                 	GLOBAL	_HariMain
    57 00000000                                 _HariMain:
    58 00000000 55                              	PUSH	EBP
    59 00000001 89 E5                           	MOV	EBP,ESP
    60 00000003 57                              	PUSH	EDI
    61 00000004 56                              	PUSH	ESI
    62 00000005 53                              	PUSH	EBX
    63 00000006 8D 5D D4                        	LEA	EBX,DWORD [-44+EBP]
    64 00000009 81 EC 00000228                  	SUB	ESP,552
    65 0000000F E8 [00000000]                   	CALL	_init_gdtidt
    66 00000014 E8 [00000000]                   	CALL	_init_pic
    67 00000019 E8 [00000000]                   	CALL	_io_sti
    68 0000001E 8D 45 84                        	LEA	EAX,DWORD [-124+EBP]
    69 00000021 50                              	PUSH	EAX
    70 00000022 6A 20                           	PUSH	32
    71 00000024 68 [00000000]                   	PUSH	_keyfifo
    72 00000029 E8 [00000000]                   	CALL	_fifo8_init
    73 0000002E 8D 85 FFFFFF04                  	LEA	EAX,DWORD [-252+EBP]
    74 00000034 50                              	PUSH	EAX
    75 00000035 68 00000080                     	PUSH	128
    76 0000003A 68 [00000000]                   	PUSH	_mousefifo
    77 0000003F E8 [00000000]                   	CALL	_fifo8_init
    78 00000044 E8 [00000000]                   	CALL	_init_pit
    79 00000049 68 000000F8                     	PUSH	248
    80 0000004E 6A 21                           	PUSH	33
    81 00000050 E8 [00000000]                   	CALL	_io_out8
    82 00000055 83 C4 20                        	ADD	ESP,32
    83 00000058 68 000000EF                     	PUSH	239
    84 0000005D 68 000000A1                     	PUSH	161
    85 00000062 E8 [00000000]                   	CALL	_io_out8
    86 00000067 8D 85 FFFFFDEC                  	LEA	EAX,DWORD [-532+EBP]
    87 0000006D 50                              	PUSH	EAX
    88 0000006E 6A 08                           	PUSH	8
    89 00000070 53                              	PUSH	EBX
    90 00000071 E8 [00000000]                   	CALL	_fifo8_init
    91 00000076 6A 01                           	PUSH	1
    92 00000078 53                              	PUSH	EBX
    93 00000079 6A 64                           	PUSH	100
    94 0000007B E8 [00000000]                   	CALL	_settimer
    95 00000080 83 C4 20                        	ADD	ESP,32
    96 00000083 E8 [00000000]                   	CALL	_init_keyboard
    97 00000088 8D 85 FFFFFEF4                  	LEA	EAX,DWORD [-268+EBP]
    98 0000008E 50                              	PUSH	EAX
    99 0000008F E8 [00000000]                   	CALL	_enable_mouse
   100 00000094 68 BFFFFFFF                     	PUSH	-1073741825
   101 00000099 68 00400000                     	PUSH	4194304
   102 0000009E E8 [00000000]                   	CALL	_memtest
   103 000000A3 68 003C0000                     	PUSH	3932160
   104 000000A8 89 C6                           	MOV	ESI,EAX
   105 000000AA E8 [00000000]                   	CALL	_memman_init
   106 000000AF 68 0009E000                     	PUSH	647168
   107 000000B4 68 00001000                     	PUSH	4096
   108 000000B9 68 003C0000                     	PUSH	3932160
   109 000000BE E8 [00000000]                   	CALL	_memman_free
   110 000000C3 8D 86 FFC00000                  	LEA	EAX,DWORD [-4194304+ESI]
   111 000000C9 C1 EE 14                        	SHR	ESI,20
   112 000000CC 50                              	PUSH	EAX
   113 000000CD 68 00400000                     	PUSH	4194304
   114 000000D2 68 003C0000                     	PUSH	3932160
   115 000000D7 E8 [00000000]                   	CALL	_memman_free
   116 000000DC 83 C4 28                        	ADD	ESP,40
   117 000000DF E8 [00000000]                   	CALL	_init_palette
   118 000000E4 0F BF 05 00000FF6               	MOVSX	EAX,WORD [4086]
   119 000000EB 50                              	PUSH	EAX
   120 000000EC 0F BF 05 00000FF4               	MOVSX	EAX,WORD [4084]
   121 000000F3 50                              	PUSH	EAX
   122 000000F4 FF 35 00000FF8                  	PUSH	DWORD [4088]
   123 000000FA 68 003C0000                     	PUSH	3932160
   124 000000FF E8 [00000000]                   	CALL	_shtctl_init
   125 00000104 89 C3                           	MOV	EBX,EAX
   126 00000106 50                              	PUSH	EAX
   127 00000107 E8 [00000000]                   	CALL	_sheet_alloc
   128 0000010C 53                              	PUSH	EBX
   129 0000010D 89 85 FFFFFDE4                  	MOV	DWORD [-540+EBP],EAX
   130 00000113 E8 [00000000]                   	CALL	_sheet_alloc
   131 00000118 53                              	PUSH	EBX
   132 00000119 8D 9D FFFFFDF4                  	LEA	EBX,DWORD [-524+EBP]
   133 0000011F 89 85 FFFFFDE0                  	MOV	DWORD [-544+EBP],EAX
   134 00000125 E8 [00000000]                   	CALL	_sheet_alloc
   135 0000012A 0F BF 15 00000FF6               	MOVSX	EDX,WORD [4086]
   136 00000131 89 85 FFFFFDDC                  	MOV	DWORD [-548+EBP],EAX
   137 00000137 0F BF 05 00000FF4               	MOVSX	EAX,WORD [4084]
   138 0000013E 0F AF C2                        	IMUL	EAX,EDX
   139 00000141 50                              	PUSH	EAX
   140 00000142 68 003C0000                     	PUSH	3932160
   141 00000147 E8 [00000000]                   	CALL	_memman_alloc_4k
   142 0000014C 83 C4 24                        	ADD	ESP,36
   143 0000014F 68 00002080                     	PUSH	8320
   144 00000154 89 85 FFFFFDD8                  	MOV	DWORD [-552+EBP],EAX
   145 0000015A 68 003C0000                     	PUSH	3932160
   146 0000015F E8 [00000000]                   	CALL	_memman_alloc_4k
   147 00000164 6A FF                           	PUSH	-1
   148 00000166 89 85 FFFFFDD4                  	MOV	DWORD [-556+EBP],EAX
   149 0000016C 0F BF 05 00000FF6               	MOVSX	EAX,WORD [4086]
   150 00000173 50                              	PUSH	EAX
   151 00000174 0F BF 05 00000FF4               	MOVSX	EAX,WORD [4084]
   152 0000017B 50                              	PUSH	EAX
   153 0000017C FF B5 FFFFFDD8                  	PUSH	DWORD [-552+EBP]
   154 00000182 FF B5 FFFFFDE4                  	PUSH	DWORD [-540+EBP]
   155 00000188 E8 [00000000]                   	CALL	_sheet_setbuf
   156 0000018D 6A 63                           	PUSH	99
   157 0000018F 6A 10                           	PUSH	16
   158 00000191 6A 10                           	PUSH	16
   159 00000193 53                              	PUSH	EBX
   160 00000194 FF B5 FFFFFDE0                  	PUSH	DWORD [-544+EBP]
   161 0000019A E8 [00000000]                   	CALL	_sheet_setbuf
   162 0000019F 83 C4 30                        	ADD	ESP,48
   163 000001A2 6A FF                           	PUSH	-1
   164 000001A4 6A 34                           	PUSH	52
   165 000001A6 68 000000A0                     	PUSH	160
   166 000001AB FF B5 FFFFFDD4                  	PUSH	DWORD [-556+EBP]
   167 000001B1 FF B5 FFFFFDDC                  	PUSH	DWORD [-548+EBP]
   168 000001B7 E8 [00000000]                   	CALL	_sheet_setbuf
   169 000001BC 0F BF 05 00000FF6               	MOVSX	EAX,WORD [4086]
   170 000001C3 50                              	PUSH	EAX
   171 000001C4 0F BF 05 00000FF4               	MOVSX	EAX,WORD [4084]
   172 000001CB 50                              	PUSH	EAX
   173 000001CC FF B5 FFFFFDD8                  	PUSH	DWORD [-552+EBP]
   174 000001D2 E8 [00000000]                   	CALL	_init_screen8
   175 000001D7 83 C4 20                        	ADD	ESP,32
   176 000001DA 6A 63                           	PUSH	99
   177 000001DC 53                              	PUSH	EBX
   178 000001DD BB 00000002                     	MOV	EBX,2
   179 000001E2 E8 [00000000]                   	CALL	_init_mouse_cursor8
   180 000001E7 68 [00000000]                   	PUSH	LC0
   181 000001EC 6A 34                           	PUSH	52
   182 000001EE 68 000000A0                     	PUSH	160
   183 000001F3 FF B5 FFFFFDD4                  	PUSH	DWORD [-556+EBP]
   184 000001F9 E8 00000426                     	CALL	_make_window8
   185 000001FE 6A 00                           	PUSH	0
   186 00000200 6A 00                           	PUSH	0
   187 00000202 FF B5 FFFFFDE4                  	PUSH	DWORD [-540+EBP]
   188 00000208 E8 [00000000]                   	CALL	_sheet_slide
   189 0000020D 83 C4 24                        	ADD	ESP,36
   190 00000210 0F BF 05 00000FF4               	MOVSX	EAX,WORD [4084]
   191 00000217 8D 48 F0                        	LEA	ECX,DWORD [-16+EAX]
   192 0000021A 89 C8                           	MOV	EAX,ECX
   193 0000021C 99                              	CDQ
   194 0000021D F7 FB                           	IDIV	EBX
   195 0000021F 89 85 FFFFFDE8                  	MOV	DWORD [-536+EBP],EAX
   196 00000225 0F BF 05 00000FF6               	MOVSX	EAX,WORD [4086]
   197 0000022C 8D 48 D4                        	LEA	ECX,DWORD [-44+EAX]
   198 0000022F 89 C8                           	MOV	EAX,ECX
   199 00000231 99                              	CDQ
   200 00000232 F7 FB                           	IDIV	EBX
   201 00000234 50                              	PUSH	EAX
   202 00000235 89 C7                           	MOV	EDI,EAX
   203 00000237 FF B5 FFFFFDE8                  	PUSH	DWORD [-536+EBP]
   204 0000023D FF B5 FFFFFDE0                  	PUSH	DWORD [-544+EBP]
   205 00000243 8D 5D A4                        	LEA	EBX,DWORD [-92+EBP]
   206 00000246 E8 [00000000]                   	CALL	_sheet_slide
   207 0000024B 6A 48                           	PUSH	72
   208 0000024D 6A 50                           	PUSH	80
   209 0000024F FF B5 FFFFFDDC                  	PUSH	DWORD [-548+EBP]
   210 00000255 E8 [00000000]                   	CALL	_sheet_slide
   211 0000025A 6A 00                           	PUSH	0
   212 0000025C FF B5 FFFFFDE4                  	PUSH	DWORD [-540+EBP]
   213 00000262 E8 [00000000]                   	CALL	_sheet_updown
   214 00000267 83 C4 20                        	ADD	ESP,32
   215 0000026A 6A 01                           	PUSH	1
   216 0000026C FF B5 FFFFFDDC                  	PUSH	DWORD [-548+EBP]
   217 00000272 E8 [00000000]                   	CALL	_sheet_updown
   218 00000277 6A 02                           	PUSH	2
   219 00000279 FF B5 FFFFFDE0                  	PUSH	DWORD [-544+EBP]
   220 0000027F E8 [00000000]                   	CALL	_sheet_updown
   221 00000284 57                              	PUSH	EDI
   222 00000285 FF B5 FFFFFDE8                  	PUSH	DWORD [-536+EBP]
   223 0000028B 68 [0000000D]                   	PUSH	LC1
   224 00000290 53                              	PUSH	EBX
   225 00000291 E8 [00000000]                   	CALL	_sprintf
   226 00000296 83 C4 20                        	ADD	ESP,32
   227 00000299 53                              	PUSH	EBX
   228 0000029A 6A 07                           	PUSH	7
   229 0000029C 6A 00                           	PUSH	0
   230 0000029E 6A 00                           	PUSH	0
   231 000002A0 0F BF 05 00000FF4               	MOVSX	EAX,WORD [4084]
   232 000002A7 50                              	PUSH	EAX
   233 000002A8 FF B5 FFFFFDD8                  	PUSH	DWORD [-552+EBP]
   234 000002AE E8 [00000000]                   	CALL	_putfonts8_asc
   235 000002B3 68 003C0000                     	PUSH	3932160
   236 000002B8 E8 [00000000]                   	CALL	_memman_total
   237 000002BD C1 E8 0A                        	SHR	EAX,10
   238 000002C0 89 04 24                        	MOV	DWORD [ESP],EAX
   239 000002C3 56                              	PUSH	ESI
   240 000002C4 68 [00000018]                   	PUSH	LC2
   241 000002C9 53                              	PUSH	EBX
   242 000002CA E8 [00000000]                   	CALL	_sprintf
   243 000002CF 83 C4 28                        	ADD	ESP,40
   244 000002D2 53                              	PUSH	EBX
   245 000002D3 6A 07                           	PUSH	7
   246 000002D5 6A 20                           	PUSH	32
   247 000002D7 6A 00                           	PUSH	0
   248 000002D9 0F BF 05 00000FF4               	MOVSX	EAX,WORD [4084]
   249 000002E0 50                              	PUSH	EAX
   250 000002E1 FF B5 FFFFFDD8                  	PUSH	DWORD [-552+EBP]
   251 000002E7 E8 [00000000]                   	CALL	_putfonts8_asc
   252 000002EC 6A 30                           	PUSH	48
   253 000002EE 0F BF 05 00000FF4               	MOVSX	EAX,WORD [4084]
   254 000002F5 50                              	PUSH	EAX
   255 000002F6 6A 00                           	PUSH	0
   256 000002F8                                 L20:
   257 000002F8 6A 00                           	PUSH	0
   258 000002FA FF B5 FFFFFDE4                  	PUSH	DWORD [-540+EBP]
   259 00000300 E8 [00000000]                   	CALL	_sheet_refresh
   260 00000305 83 C4 2C                        	ADD	ESP,44
   261 00000308                                 L2:
   262 00000308 FF 35 [00000000]                	PUSH	DWORD [_timerctl]
   263 0000030E 68 [00000032]                   	PUSH	LC3
   264 00000313 8D 5D A4                        	LEA	EBX,DWORD [-92+EBP]
   265 00000316 53                              	PUSH	EBX
   266 00000317 8D 75 D4                        	LEA	ESI,DWORD [-44+EBP]
   267 0000031A E8 [00000000]                   	CALL	_sprintf
   268 0000031F 6A 2B                           	PUSH	43
   269 00000321 6A 77                           	PUSH	119
   270 00000323 6A 1C                           	PUSH	28
   271 00000325 6A 28                           	PUSH	40
   272 00000327 6A 08                           	PUSH	8
   273 00000329 68 000000A0                     	PUSH	160
   274 0000032E FF B5 FFFFFDD4                  	PUSH	DWORD [-556+EBP]
   275 00000334 E8 [00000000]                   	CALL	_boxfill8
   276 00000339 83 C4 28                        	ADD	ESP,40
   277 0000033C 53                              	PUSH	EBX
   278 0000033D 6A 00                           	PUSH	0
   279 0000033F 6A 1C                           	PUSH	28
   280 00000341 6A 28                           	PUSH	40
   281 00000343 68 000000A0                     	PUSH	160
   282 00000348 FF B5 FFFFFDD4                  	PUSH	DWORD [-556+EBP]
   283 0000034E E8 [00000000]                   	CALL	_putfonts8_asc
   284 00000353 6A 2C                           	PUSH	44
   285 00000355 6A 78                           	PUSH	120
   286 00000357 6A 1C                           	PUSH	28
   287 00000359 6A 28                           	PUSH	40
   288 0000035B FF B5 FFFFFDDC                  	PUSH	DWORD [-548+EBP]
   289 00000361 E8 [00000000]                   	CALL	_sheet_refresh
   290 00000366 83 C4 2C                        	ADD	ESP,44
   291 00000369 E8 [00000000]                   	CALL	_io_cli
   292 0000036E 68 [00000000]                   	PUSH	_keyfifo
   293 00000373 E8 [00000000]                   	CALL	_fifo8_status
   294 00000378 68 [00000000]                   	PUSH	_mousefifo
   295 0000037D 89 C3                           	MOV	EBX,EAX
   296 0000037F E8 [00000000]                   	CALL	_fifo8_status
   297 00000384 56                              	PUSH	ESI
   298 00000385 01 C3                           	ADD	EBX,EAX
   299 00000387 E8 [00000000]                   	CALL	_fifo8_status
   300 0000038C 83 C4 0C                        	ADD	ESP,12
   301 0000038F 8D 04 18                        	LEA	EAX,DWORD [EAX+EBX*1]
   302 00000392 85 C0                           	TEST	EAX,EAX
   303 00000394 0F 84 00000280                  	JE	L21
   304 0000039A 68 [00000000]                   	PUSH	_keyfifo
   305 0000039F E8 [00000000]                   	CALL	_fifo8_status
   306 000003A4 5B                              	POP	EBX
   307 000003A5 85 C0                           	TEST	EAX,EAX
   308 000003A7 0F 85 00000205                  	JNE	L22
   309 000003AD 68 [00000000]                   	PUSH	_mousefifo
   310 000003B2 E8 [00000000]                   	CALL	_fifo8_status
   311 000003B7 59                              	POP	ECX
   312 000003B8 85 C0                           	TEST	EAX,EAX
   313 000003BA 75 53                           	JNE	L23
   314 000003BC 56                              	PUSH	ESI
   315 000003BD E8 [00000000]                   	CALL	_fifo8_status
   316 000003C2 5A                              	POP	EDX
   317 000003C3 85 C0                           	TEST	EAX,EAX
   318 000003C5 0F 84 FFFFFF3D                  	JE	L2
   319 000003CB 56                              	PUSH	ESI
   320 000003CC E8 [00000000]                   	CALL	_fifo8_get
   321 000003D1 E8 [00000000]                   	CALL	_io_sti
   322 000003D6 68 [00000038]                   	PUSH	LC6
   323 000003DB 6A 07                           	PUSH	7
   324 000003DD 6A 40                           	PUSH	64
   325 000003DF 6A 00                           	PUSH	0
   326 000003E1 0F BF 05 00000FF4               	MOVSX	EAX,WORD [4084]
   327 000003E8 50                              	PUSH	EAX
   328 000003E9 FF B5 FFFFFDD8                  	PUSH	DWORD [-552+EBP]
   329 000003EF E8 [00000000]                   	CALL	_putfonts8_asc
   330 000003F4 6A 50                           	PUSH	80
   331 000003F6 6A 38                           	PUSH	56
   332 000003F8 6A 40                           	PUSH	64
   333 000003FA 6A 00                           	PUSH	0
   334 000003FC FF B5 FFFFFDE4                  	PUSH	DWORD [-540+EBP]
   335 00000402 E8 [00000000]                   	CALL	_sheet_refresh
   336 00000407 83 C4 30                        	ADD	ESP,48
   337 0000040A E9 FFFFFEF9                     	JMP	L2
   338 0000040F                                 L23:
   339 0000040F 68 [00000000]                   	PUSH	_mousefifo
   340 00000414 E8 [00000000]                   	CALL	_fifo8_get
   341 00000419 89 C3                           	MOV	EBX,EAX
   342 0000041B E8 [00000000]                   	CALL	_io_sti
   343 00000420 0F B6 C3                        	MOVZX	EAX,BL
   344 00000423 50                              	PUSH	EAX
   345 00000424 8D 85 FFFFFEF4                  	LEA	EAX,DWORD [-268+EBP]
   346 0000042A 50                              	PUSH	EAX
   347 0000042B E8 [00000000]                   	CALL	_mouse_decode
   348 00000430 83 C4 0C                        	ADD	ESP,12
   349 00000433 85 C0                           	TEST	EAX,EAX
   350 00000435 0F 84 FFFFFECD                  	JE	L2
   351 0000043B FF B5 FFFFFEFC                  	PUSH	DWORD [-260+EBP]
   352 00000441 FF B5 FFFFFEF8                  	PUSH	DWORD [-264+EBP]
   353 00000447 68 [0000003F]                   	PUSH	LC5
   354 0000044C 8D 45 A4                        	LEA	EAX,DWORD [-92+EBP]
   355 0000044F 50                              	PUSH	EAX
   356 00000450 E8 [00000000]                   	CALL	_sprintf
   357 00000455 83 C4 10                        	ADD	ESP,16
   358 00000458 8B 85 FFFFFF00                  	MOV	EAX,DWORD [-256+EBP]
   359 0000045E A9 00000001                     	TEST	EAX,1
   360 00000463 74 04                           	JE	L11
   361 00000465 C6 45 A5 4C                     	MOV	BYTE [-91+EBP],76
   362 00000469                                 L11:
   363 00000469 A9 00000002                     	TEST	EAX,2
   364 0000046E 74 04                           	JE	L12
   365 00000470 C6 45 A7 52                     	MOV	BYTE [-89+EBP],82
   366 00000474                                 L12:
   367 00000474 83 E0 04                        	AND	EAX,4
   368 00000477 74 04                           	JE	L13
   369 00000479 C6 45 A6 43                     	MOV	BYTE [-90+EBP],67
   370 0000047D                                 L13:
   371 0000047D 6A 1F                           	PUSH	31
   372 0000047F 68 00000097                     	PUSH	151
   373 00000484 6A 10                           	PUSH	16
   374 00000486 6A 20                           	PUSH	32
   375 00000488 6A 0E                           	PUSH	14
   376 0000048A 0F BF 05 00000FF4               	MOVSX	EAX,WORD [4084]
   377 00000491 50                              	PUSH	EAX
   378 00000492 FF B5 FFFFFDD8                  	PUSH	DWORD [-552+EBP]
   379 00000498 E8 [00000000]                   	CALL	_boxfill8
   380 0000049D 8D 55 A4                        	LEA	EDX,DWORD [-92+EBP]
   381 000004A0 52                              	PUSH	EDX
   382 000004A1 6A 07                           	PUSH	7
   383 000004A3 6A 10                           	PUSH	16
   384 000004A5 6A 20                           	PUSH	32
   385 000004A7 0F BF 05 00000FF4               	MOVSX	EAX,WORD [4084]
   386 000004AE 50                              	PUSH	EAX
   387 000004AF FF B5 FFFFFDD8                  	PUSH	DWORD [-552+EBP]
   388 000004B5 E8 [00000000]                   	CALL	_putfonts8_asc
   389 000004BA 83 C4 34                        	ADD	ESP,52
   390 000004BD 6A 20                           	PUSH	32
   391 000004BF 68 00000098                     	PUSH	152
   392 000004C4 6A 10                           	PUSH	16
   393 000004C6 6A 20                           	PUSH	32
   394 000004C8 FF B5 FFFFFDE4                  	PUSH	DWORD [-540+EBP]
   395 000004CE E8 [00000000]                   	CALL	_sheet_refresh
   396 000004D3 8B 9D FFFFFEF8                  	MOV	EBX,DWORD [-264+EBP]
   397 000004D9 03 BD FFFFFEFC                  	ADD	EDI,DWORD [-260+EBP]
   398 000004DF 83 C4 14                        	ADD	ESP,20
   399 000004E2 01 9D FFFFFDE8                  	ADD	DWORD [-536+EBP],EBX
   400 000004E8 0F 88 000000B5                  	JS	L24
   401 000004EE                                 L14:
   402 000004EE 85 FF                           	TEST	EDI,EDI
   403 000004F0 0F 88 000000A6                  	JS	L25
   404 000004F6                                 L15:
   405 000004F6 0F BF 05 00000FF4               	MOVSX	EAX,WORD [4084]
   406 000004FD 48                              	DEC	EAX
   407 000004FE 39 85 FFFFFDE8                  	CMP	DWORD [-536+EBP],EAX
   408 00000504 7E 06                           	JLE	L16
   409 00000506 89 85 FFFFFDE8                  	MOV	DWORD [-536+EBP],EAX
   410 0000050C                                 L16:
   411 0000050C 0F BF 05 00000FF6               	MOVSX	EAX,WORD [4086]
   412 00000513 48                              	DEC	EAX
   413 00000514 39 C7                           	CMP	EDI,EAX
   414 00000516 7E 02                           	JLE	L17
   415 00000518 89 C7                           	MOV	EDI,EAX
   416 0000051A                                 L17:
   417 0000051A 57                              	PUSH	EDI
   418 0000051B 8D 45 A4                        	LEA	EAX,DWORD [-92+EBP]
   419 0000051E FF B5 FFFFFDE8                  	PUSH	DWORD [-536+EBP]
   420 00000524 68 [0000000D]                   	PUSH	LC1
   421 00000529 50                              	PUSH	EAX
   422 0000052A E8 [00000000]                   	CALL	_sprintf
   423 0000052F 6A 0F                           	PUSH	15
   424 00000531 6A 4F                           	PUSH	79
   425 00000533 6A 00                           	PUSH	0
   426 00000535 6A 00                           	PUSH	0
   427 00000537 6A 0E                           	PUSH	14
   428 00000539 0F BF 05 00000FF4               	MOVSX	EAX,WORD [4084]
   429 00000540 50                              	PUSH	EAX
   430 00000541 FF B5 FFFFFDD8                  	PUSH	DWORD [-552+EBP]
   431 00000547 E8 [00000000]                   	CALL	_boxfill8
   432 0000054C 8D 55 A4                        	LEA	EDX,DWORD [-92+EBP]
   433 0000054F 83 C4 2C                        	ADD	ESP,44
   434 00000552 52                              	PUSH	EDX
   435 00000553 6A 07                           	PUSH	7
   436 00000555 6A 00                           	PUSH	0
   437 00000557 6A 00                           	PUSH	0
   438 00000559 0F BF 05 00000FF4               	MOVSX	EAX,WORD [4084]
   439 00000560 50                              	PUSH	EAX
   440 00000561 FF B5 FFFFFDD8                  	PUSH	DWORD [-552+EBP]
   441 00000567 E8 [00000000]                   	CALL	_putfonts8_asc
   442 0000056C 6A 10                           	PUSH	16
   443 0000056E 6A 50                           	PUSH	80
   444 00000570 6A 00                           	PUSH	0
   445 00000572 6A 00                           	PUSH	0
   446 00000574 FF B5 FFFFFDE4                  	PUSH	DWORD [-540+EBP]
   447 0000057A E8 [00000000]                   	CALL	_sheet_refresh
   448 0000057F 83 C4 2C                        	ADD	ESP,44
   449 00000582 57                              	PUSH	EDI
   450 00000583 FF B5 FFFFFDE8                  	PUSH	DWORD [-536+EBP]
   451 00000589 FF B5 FFFFFDE0                  	PUSH	DWORD [-544+EBP]
   452 0000058F E8 [00000000]                   	CALL	_sheet_slide
   453 00000594 83 C4 0C                        	ADD	ESP,12
   454 00000597 E9 FFFFFD6C                     	JMP	L2
   455 0000059C                                 L25:
   456 0000059C 31 FF                           	XOR	EDI,EDI
   457 0000059E E9 FFFFFF53                     	JMP	L15
   458 000005A3                                 L24:
   459 000005A3 C7 85 FFFFFDE8 00000000         	MOV	DWORD [-536+EBP],0
   460 000005AD E9 FFFFFF3C                     	JMP	L14
   461 000005B2                                 L22:
   462 000005B2 68 [00000000]                   	PUSH	_keyfifo
   463 000005B7 E8 [00000000]                   	CALL	_fifo8_get
   464 000005BC 89 C3                           	MOV	EBX,EAX
   465 000005BE E8 [00000000]                   	CALL	_io_sti
   466 000005C3 53                              	PUSH	EBX
   467 000005C4 8D 55 A4                        	LEA	EDX,DWORD [-92+EBP]
   468 000005C7 68 [0000004D]                   	PUSH	LC4
   469 000005CC 8D 5D A4                        	LEA	EBX,DWORD [-92+EBP]
   470 000005CF 52                              	PUSH	EDX
   471 000005D0 E8 [00000000]                   	CALL	_sprintf
   472 000005D5 6A 1F                           	PUSH	31
   473 000005D7 6A 0F                           	PUSH	15
   474 000005D9 6A 10                           	PUSH	16
   475 000005DB 6A 00                           	PUSH	0
   476 000005DD 6A 0E                           	PUSH	14
   477 000005DF 0F BF 05 00000FF4               	MOVSX	EAX,WORD [4084]
   478 000005E6 50                              	PUSH	EAX
   479 000005E7 FF B5 FFFFFDD8                  	PUSH	DWORD [-552+EBP]
   480 000005ED E8 [00000000]                   	CALL	_boxfill8
   481 000005F2 83 C4 2C                        	ADD	ESP,44
   482 000005F5 53                              	PUSH	EBX
   483 000005F6 6A 07                           	PUSH	7
   484 000005F8 6A 10                           	PUSH	16
   485 000005FA 6A 00                           	PUSH	0
   486 000005FC 0F BF 05 00000FF4               	MOVSX	EAX,WORD [4084]
   487 00000603 50                              	PUSH	EAX
   488 00000604 FF B5 FFFFFDD8                  	PUSH	DWORD [-552+EBP]
   489 0000060A E8 [00000000]                   	CALL	_putfonts8_asc
   490 0000060F 6A 20                           	PUSH	32
   491 00000611 6A 10                           	PUSH	16
   492 00000613 6A 10                           	PUSH	16
   493 00000615 E9 FFFFFCDE                     	JMP	L20
   494 0000061A                                 L21:
   495 0000061A E8 [00000000]                   	CALL	_io_sti
   496 0000061F E9 FFFFFCE4                     	JMP	L2
   497                                          [SECTION .data]
   498 00000052                                 _closebtn.0:
   499 00000052 4F 4F 4F 4F 4F 4F 4F 4F 4F 4F   	DB	"OOOOOOOOOOOOOOO@"
       0000005C 4F 4F 4F 4F 4F 40 
   500 00000062 4F 51 51 51 51 51 51 51 51 51   	DB	"OQQQQQQQQQQQQQ$@"
       0000006C 51 51 51 51 24 40 
   501 00000072 4F 51 51 51 51 51 51 51 51 51   	DB	"OQQQQQQQQQQQQQ$@"
       0000007C 51 51 51 51 24 40 
   502 00000082 4F 51 51 51 40 40 51 51 51 51   	DB	"OQQQ@@QQQQ@@QQ$@"
       0000008C 40 40 51 51 24 40 
   503 00000092 4F 51 51 51 51 40 40 51 51 40   	DB	"OQQQQ@@QQ@@QQQ$@"
       0000009C 40 51 51 51 24 40 
   504 000000A2 4F 51 51 51 51 51 40 40 40 40   	DB	"OQQQQQ@@@@QQQQ$@"
       000000AC 51 51 51 51 24 40 
   505 000000B2 4F 51 51 51 51 51 51 40 40 51   	DB	"OQQQQQQ@@QQQQQ$@"
       000000BC 51 51 51 51 24 40 
   506 000000C2 4F 51 51 51 51 51 40 40 40 40   	DB	"OQQQQQ@@@@QQQQ$@"
       000000CC 51 51 51 51 24 40 
   507 000000D2 4F 51 51 51 51 40 40 51 51 40   	DB	"OQQQQ@@QQ@@QQQ$@"
       000000DC 40 51 51 51 24 40 
   508 000000E2 4F 51 51 51 40 40 51 51 51 51   	DB	"OQQQ@@QQQQ@@QQ$@"
       000000EC 40 40 51 51 24 40 
   509 000000F2 4F 51 51 51 51 51 51 51 51 51   	DB	"OQQQQQQQQQQQQQ$@"
       000000FC 51 51 51 51 24 40 
   510 00000102 4F 51 51 51 51 51 51 51 51 51   	DB	"OQQQQQQQQQQQQQ$@"
       0000010C 51 51 51 51 24 40 
   511 00000112 4F 24 24 24 24 24 24 24 24 24   	DB	"O$$$$$$$$$$$$$$@"
       0000011C 24 24 24 24 24 40 
   512 00000122 40 40 40 40 40 40 40 40 40 40   	DB	"@@@@@@@@@@@@@@@@"
       0000012C 40 40 40 40 40 40 
   513                                          [SECTION .text]
   514 00000624                                 	GLOBAL	_make_window8
   515 00000624                                 _make_window8:
   516 00000624 55                              	PUSH	EBP
   517 00000625 89 E5                           	MOV	EBP,ESP
   518 00000627 57                              	PUSH	EDI
   519 00000628 56                              	PUSH	ESI
   520 00000629 53                              	PUSH	EBX
   521 0000062A 83 EC 14                        	SUB	ESP,20
   522 0000062D 8B 5D 0C                        	MOV	EBX,DWORD [12+EBP]
   523 00000630 6A 00                           	PUSH	0
   524 00000632 8D 43 FF                        	LEA	EAX,DWORD [-1+EBX]
   525 00000635 8D 7B FE                        	LEA	EDI,DWORD [-2+EBX]
   526 00000638 50                              	PUSH	EAX
   527 00000639 89 45 EC                        	MOV	DWORD [-20+EBP],EAX
   528 0000063C 6A 00                           	PUSH	0
   529 0000063E 6A 00                           	PUSH	0
   530 00000640 6A 08                           	PUSH	8
   531 00000642 53                              	PUSH	EBX
   532 00000643 FF 75 08                        	PUSH	DWORD [8+EBP]
   533 00000646 E8 [00000000]                   	CALL	_boxfill8
   534 0000064B 6A 01                           	PUSH	1
   535 0000064D 57                              	PUSH	EDI
   536 0000064E 6A 01                           	PUSH	1
   537 00000650 6A 01                           	PUSH	1
   538 00000652 6A 07                           	PUSH	7
   539 00000654 53                              	PUSH	EBX
   540 00000655 FF 75 08                        	PUSH	DWORD [8+EBP]
   541 00000658 E8 [00000000]                   	CALL	_boxfill8
   542 0000065D 8B 55 10                        	MOV	EDX,DWORD [16+EBP]
   543 00000660 83 C4 38                        	ADD	ESP,56
   544 00000663 4A                              	DEC	EDX
   545 00000664 89 55 E8                        	MOV	DWORD [-24+EBP],EDX
   546 00000667 52                              	PUSH	EDX
   547 00000668 6A 00                           	PUSH	0
   548 0000066A 6A 00                           	PUSH	0
   549 0000066C 6A 00                           	PUSH	0
   550 0000066E 6A 08                           	PUSH	8
   551 00000670 53                              	PUSH	EBX
   552 00000671 FF 75 08                        	PUSH	DWORD [8+EBP]
   553 00000674 E8 [00000000]                   	CALL	_boxfill8
   554 00000679 8B 75 10                        	MOV	ESI,DWORD [16+EBP]
   555 0000067C 83 EE 02                        	SUB	ESI,2
   556 0000067F 56                              	PUSH	ESI
   557 00000680 6A 01                           	PUSH	1
   558 00000682 6A 01                           	PUSH	1
   559 00000684 6A 01                           	PUSH	1
   560 00000686 6A 07                           	PUSH	7
   561 00000688 53                              	PUSH	EBX
   562 00000689 FF 75 08                        	PUSH	DWORD [8+EBP]
   563 0000068C E8 [00000000]                   	CALL	_boxfill8
   564 00000691 83 C4 38                        	ADD	ESP,56
   565 00000694 56                              	PUSH	ESI
   566 00000695 57                              	PUSH	EDI
   567 00000696 6A 01                           	PUSH	1
   568 00000698 57                              	PUSH	EDI
   569 00000699 6A 0F                           	PUSH	15
   570 0000069B 53                              	PUSH	EBX
   571 0000069C FF 75 08                        	PUSH	DWORD [8+EBP]
   572 0000069F E8 [00000000]                   	CALL	_boxfill8
   573 000006A4 FF 75 E8                        	PUSH	DWORD [-24+EBP]
   574 000006A7 FF 75 EC                        	PUSH	DWORD [-20+EBP]
   575 000006AA 6A 00                           	PUSH	0
   576 000006AC FF 75 EC                        	PUSH	DWORD [-20+EBP]
   577 000006AF 6A 00                           	PUSH	0
   578 000006B1 53                              	PUSH	EBX
   579 000006B2 FF 75 08                        	PUSH	DWORD [8+EBP]
   580 000006B5 E8 [00000000]                   	CALL	_boxfill8
   581 000006BA 8B 45 10                        	MOV	EAX,DWORD [16+EBP]
   582 000006BD 83 C4 38                        	ADD	ESP,56
   583 000006C0 83 E8 03                        	SUB	EAX,3
   584 000006C3 50                              	PUSH	EAX
   585 000006C4 8D 43 FD                        	LEA	EAX,DWORD [-3+EBX]
   586 000006C7 50                              	PUSH	EAX
   587 000006C8 6A 02                           	PUSH	2
   588 000006CA 6A 02                           	PUSH	2
   589 000006CC 6A 08                           	PUSH	8
   590 000006CE 53                              	PUSH	EBX
   591 000006CF FF 75 08                        	PUSH	DWORD [8+EBP]
   592 000006D2 E8 [00000000]                   	CALL	_boxfill8
   593 000006D7 8D 43 FC                        	LEA	EAX,DWORD [-4+EBX]
   594 000006DA 6A 14                           	PUSH	20
   595 000006DC 50                              	PUSH	EAX
   596 000006DD 6A 03                           	PUSH	3
   597 000006DF 6A 03                           	PUSH	3
   598 000006E1 6A 0C                           	PUSH	12
   599 000006E3 53                              	PUSH	EBX
   600 000006E4 FF 75 08                        	PUSH	DWORD [8+EBP]
   601 000006E7 E8 [00000000]                   	CALL	_boxfill8
   602 000006EC 83 C4 38                        	ADD	ESP,56
   603 000006EF 56                              	PUSH	ESI
   604 000006F0 57                              	PUSH	EDI
   605 000006F1 56                              	PUSH	ESI
   606 000006F2 6A 01                           	PUSH	1
   607 000006F4 6A 0F                           	PUSH	15
   608 000006F6 53                              	PUSH	EBX
   609 000006F7 FF 75 08                        	PUSH	DWORD [8+EBP]
   610 000006FA E8 [00000000]                   	CALL	_boxfill8
   611 000006FF FF 75 E8                        	PUSH	DWORD [-24+EBP]
   612 00000702 FF 75 EC                        	PUSH	DWORD [-20+EBP]
   613 00000705 FF 75 E8                        	PUSH	DWORD [-24+EBP]
   614 00000708 6A 00                           	PUSH	0
   615 0000070A 6A 00                           	PUSH	0
   616 0000070C 6B F3 05                        	IMUL	ESI,EBX,5
   617 0000070F 53                              	PUSH	EBX
   618 00000710 FF 75 08                        	PUSH	DWORD [8+EBP]
   619 00000713 E8 [00000000]                   	CALL	_boxfill8
   620 00000718 83 C4 38                        	ADD	ESP,56
   621 0000071B FF 75 14                        	PUSH	DWORD [20+EBP]
   622 0000071E 6A 07                           	PUSH	7
   623 00000720 6A 04                           	PUSH	4
   624 00000722 6A 18                           	PUSH	24
   625 00000724 53                              	PUSH	EBX
   626 00000725 FF 75 08                        	PUSH	DWORD [8+EBP]
   627 00000728 E8 [00000000]                   	CALL	_putfonts8_asc
   628 0000072D 83 C4 18                        	ADD	ESP,24
   629 00000730 C7 45 F0 00000000               	MOV	DWORD [-16+EBP],0
   630 00000737 C7 45 E0 00000000               	MOV	DWORD [-32+EBP],0
   631 0000073E                                 L42:
   632 0000073E 8D 04 1E                        	LEA	EAX,DWORD [ESI+EBX*1]
   633 00000741 8B 55 08                        	MOV	EDX,DWORD [8+EBP]
   634 00000744 31 FF                           	XOR	EDI,EDI
   635 00000746 8D 4C 02 EB                     	LEA	ECX,DWORD [-21+EDX+EAX*1]
   636 0000074A                                 L41:
   637 0000074A 8B 45 E0                        	MOV	EAX,DWORD [-32+EBP]
   638 0000074D 8A 94 07 [00000052]             	MOV	DL,BYTE [_closebtn.0+EDI+EAX*1]
   639 00000754 80 FA 40                        	CMP	DL,64
   640 00000757 74 33                           	JE	L47
   641 00000759 80 FA 24                        	CMP	DL,36
   642 0000075C 74 2A                           	JE	L48
   643 0000075E 80 FA 51                        	CMP	DL,81
   644 00000761 B2 08                           	MOV	DL,8
   645 00000763 0F 95 C0                        	SETNE	AL
   646 00000766 28 C2                           	SUB	DL,AL
   647 00000768                                 L36:
   648 00000768 47                              	INC	EDI
   649 00000769 88 11                           	MOV	BYTE [ECX],DL
   650 0000076B 41                              	INC	ECX
   651 0000076C 83 FF 0F                        	CMP	EDI,15
   652 0000076F 7E D9                           	JLE	L41
   653 00000771 FF 45 F0                        	INC	DWORD [-16+EBP]
   654 00000774 01 DE                           	ADD	ESI,EBX
   655 00000776 83 45 E0 10                     	ADD	DWORD [-32+EBP],16
   656 0000077A 83 7D F0 0D                     	CMP	DWORD [-16+EBP],13
   657 0000077E 7E BE                           	JLE	L42
   658 00000780 8D 65 F4                        	LEA	ESP,DWORD [-12+EBP]
   659 00000783 5B                              	POP	EBX
   660 00000784 5E                              	POP	ESI
   661 00000785 5F                              	POP	EDI
   662 00000786 5D                              	POP	EBP
   663 00000787 C3                              	RET
   664 00000788                                 L48:
   665 00000788 B2 0F                           	MOV	DL,15
   666 0000078A EB DC                           	JMP	L36
   667 0000078C                                 L47:
   668 0000078C 31 D2                           	XOR	EDX,EDX
   669 0000078E EB D8                           	JMP	L36
